# JRE version: 7.0_21-b11
# Java VM: Java HotSpot(TM) Client VM (23.21-b01 mixed mode windows-x86 )
Heap
 def new generation   total 4928K, used 552K [0x03af0000, 0x04040000, 0x09040000)
  eden space 4416K,   3% used [0x03af0000, 0x03b17750, 0x03f40000)
  from space 512K,  76% used [0x03fc0000, 0x040228f0, 0x04040000)
  to   space 512K,   0% used [0x03f40000, 0x03f40000, 0x03fc0000)
 tenured generation   total 10944K, used 6140K [0x09040000, 0x09af0000, 0x13af0000)
   the space 10944K,  56% used [0x09040000, 0x0963f110, 0x0963f200, 0x09af0000)
 compacting perm gen  total 12288K, used 1906K [0x13af0000, 0x146f0000, 0x17af0000)
   the space 12288K,  15% used [0x13af0000, 0x13ccc908, 0x13ccca00, 0x146f0000)
GC Heap History (10 events):
Event: 1.380 GC heap before
{Heap before GC invocations=24 (full 0):
 def new generation   total 4928K, used 4416K [0x03af0000, 0x04040000, 0x09040000)
  eden space 4416K, 100% used [0x03af0000, 0x03f40000, 0x03f40000)
  from space 512K,   0% used [0x03f40000, 0x03f40318, 0x03fc0000)
  to   space 512K,   0% used [0x03fc0000, 0x03fc0000, 0x04040000)
 tenured generation   total 10944K, used 5385K [0x09040000, 0x09af0000, 0x13af0000)
   the space 10944K,  49% used [0x09040000, 0x09582660, 0x09582800, 0x09af0000)
 compacting perm gen  total 12288K, used 1894K [0x13af0000, 0x146f0000, 0x17af0000)
   the space 12288K,  15% used [0x13af0000, 0x13cc9940, 0x13cc9a00, 0x146f0000)
No shared spaces configured.
Event: 1.380 GC heap after
Heap after GC invocations=25 (full 0):
 def new generation   total 4928K, used 0K [0x03af0000, 0x04040000, 0x09040000)
  eden space 4416K,   0% used [0x03af0000, 0x03af0000, 0x03f40000)
  from space 512K,   0% used [0x03fc0000, 0x03fc01c8, 0x04040000)
  to   space 512K,   0% used [0x03f40000, 0x03f40000, 0x03fc0000)
 tenured generation   total 10944K, used 5385K [0x09040000, 0x09af0000, 0x13af0000)
   the space 10944K,  49% used [0x09040000, 0x09582660, 0x09582800, 0x09af0000)
 compacting perm gen  total 12288K, used 1894K [0x13af0000, 0x146f0000, 0x17af0000)
   the space 12288K,  15% used [0x13af0000, 0x13cc9940, 0x13cc9a00, 0x146f0000)
No shared spaces configured.
}
Event: 1.389 GC heap before
{Heap before GC invocations=25 (full 0):
 def new generation   total 4928K, used 4416K [0x03af0000, 0x04040000, 0x09040000)
  eden space 4416K, 100% used [0x03af0000, 0x03f40000, 0x03f40000)
  from space 512K,   0% used [0x03fc0000, 0x03fc01c8, 0x04040000)
  to   space 512K,   0% used [0x03f40000, 0x03f40000, 0x03fc0000)
 tenured generation   total 10944K, used 5385K [0x09040000, 0x09af0000, 0x13af0000)
   the space 10944K,  49% used [0x09040000, 0x09582660, 0x09582800, 0x09af0000)
 compacting perm gen  total 12288K, used 1894K [0x13af0000, 0x146f0000, 0x17af0000)
   the space 12288K,  15% used [0x13af0000, 0x13cc9940, 0x13cc9a00, 0x146f0000)
No shared spaces configured.
Event: 1.391 GC heap after
Heap after GC invocations=26 (full 0):
 def new generation   total 4928K, used 512K [0x03af0000, 0x04040000, 0x09040000)
  eden space 4416K,   0% used [0x03af0000, 0x03af0000, 0x03f40000)
  from space 512K, 100% used [0x03f40000, 0x03fc0000, 0x03fc0000)
  to   space 512K,   0% used [0x03fc0000, 0x03fc0000, 0x04040000)
 tenured generation   total 10944K, used 5662K [0x09040000, 0x09af0000, 0x13af0000)
   the space 10944K,  51% used [0x09040000, 0x095c7950, 0x095c7a00, 0x09af0000)
 compacting perm gen  total 12288K, used 1894K [0x13af0000, 0x146f0000, 0x17af0000)
   the space 12288K,  15% used [0x13af0000, 0x13cc9940, 0x13cc9a00, 0x146f0000)
No shared spaces configured.
}
Event: 1.398 GC heap before
{Heap before GC invocations=26 (full 0):
 def new generation   total 4928K, used 4928K [0x03af0000, 0x04040000, 0x09040000)
  eden space 4416K, 100% used [0x03af0000, 0x03f40000, 0x03f40000)
  from space 512K, 100% used [0x03f40000, 0x03fc0000, 0x03fc0000)
  to   space 512K,   0% used [0x03fc0000, 0x03fc0000, 0x04040000)
 tenured generation   total 10944K, used 5662K [0x09040000, 0x09af0000, 0x13af0000)
   the space 10944K,  51% used [0x09040000, 0x095c7950, 0x095c7a00, 0x09af0000)
 compacting perm gen  total 12288K, used 1894K [0x13af0000, 0x146f0000, 0x17af0000)
   the space 12288K,  15% used [0x13af0000, 0x13cc9940, 0x13cc9a00, 0x146f0000)
No shared spaces configured.
Event: 1.400 GC heap after
Heap after GC invocations=27 (full 0):
 def new generation   total 4928K, used 0K [0x03af0000, 0x04040000, 0x09040000)
  eden space 4416K,   0% used [0x03af0000, 0x03af0000, 0x03f40000)
  from space 512K,   0% used [0x03fc0000, 0x03fc0190, 0x04040000)
  to   space 512K,   0% used [0x03f40000, 0x03f40000, 0x03fc0000)
 tenured generation   total 10944K, used 6140K [0x09040000, 0x09af0000, 0x13af0000)
   the space 10944K,  56% used [0x09040000, 0x0963f110, 0x0963f200, 0x09af0000)
 compacting perm gen  total 12288K, used 1894K [0x13af0000, 0x146f0000, 0x17af0000)
   the space 12288K,  15% used [0x13af0000, 0x13cc9940, 0x13cc9a00, 0x146f0000)
No shared spaces configured.
}
Event: 1.406 GC heap before
{Heap before GC invocations=27 (full 0):
 def new generation   total 4928K, used 4416K [0x03af0000, 0x04040000, 0x09040000)
  eden space 4416K, 100% used [0x03af0000, 0x03f40000, 0x03f40000)
  from space 512K,   0% used [0x03fc0000, 0x03fc0190, 0x04040000)
  to   space 512K,   0% used [0x03f40000, 0x03f40000, 0x03fc0000)
 tenured generation   total 10944K, used 6140K [0x09040000, 0x09af0000, 0x13af0000)
   the space 10944K,  56% used [0x09040000, 0x0963f110, 0x0963f200, 0x09af0000)
 compacting perm gen  total 12288K, used 1894K [0x13af0000, 0x146f0000, 0x17af0000)
   the space 12288K,  15% used [0x13af0000, 0x13cc9940, 0x13cc9a00, 0x146f0000)
No shared spaces configured.
Event: 1.406 GC heap after
Heap after GC invocations=28 (full 0):
 def new generation   total 4928K, used 0K [0x03af0000, 0x04040000, 0x09040000)
  eden space 4416K,   0% used [0x03af0000, 0x03af0000, 0x03f40000)
  from space 512K,   0% used [0x03f40000, 0x03f40308, 0x03fc0000)
  to   space 512K,   0% used [0x03fc0000, 0x03fc0000, 0x04040000)
 tenured generation   total 10944K, used 6140K [0x09040000, 0x09af0000, 0x13af0000)
   the space 10944K,  56% used [0x09040000, 0x0963f110, 0x0963f200, 0x09af0000)
 compacting perm gen  total 12288K, used 1894K [0x13af0000, 0x146f0000, 0x17af0000)
   the space 12288K,  15% used [0x13af0000, 0x13cc9940, 0x13cc9a00, 0x146f0000)
No shared spaces configured.
}
Event: 1.414 GC heap before
{Heap before GC invocations=28 (full 0):
 def new generation   total 4928K, used 4416K [0x03af0000, 0x04040000, 0x09040000)
  eden space 4416K, 100% used [0x03af0000, 0x03f40000, 0x03f40000)
  from space 512K,   0% used [0x03f40000, 0x03f40308, 0x03fc0000)
  to   space 512K,   0% used [0x03fc0000, 0x03fc0000, 0x04040000)
 tenured generation   total 10944K, used 6140K [0x09040000, 0x09af0000, 0x13af0000)
   the space 10944K,  56% used [0x09040000, 0x0963f110, 0x0963f200, 0x09af0000)
 compacting perm gen  total 12288K, used 1894K [0x13af0000, 0x146f0000, 0x17af0000)
   the space 12288K,  15% used [0x13af0000, 0x13cc9940, 0x13cc9a00, 0x146f0000)
No shared spaces configured.
Event: 1.416 GC heap after
Heap after GC invocations=29 (full 0):
 def new generation   total 4928K, used 394K [0x03af0000, 0x04040000, 0x09040000)
  eden space 4416K,   0% used [0x03af0000, 0x03af0000, 0x03f40000)
  from space 512K,  76% used [0x03fc0000, 0x040228f0, 0x04040000)
  to   space 512K,   0% used [0x03f40000, 0x03f40000, 0x03fc0000)
 tenured generation   total 10944K, used 6140K [0x09040000, 0x09af0000, 0x13af0000)
   the space 10944K,  56% used [0x09040000, 0x0963f110, 0x0963f200, 0x09af0000)
 compacting perm gen  total 12288K, used 1894K [0x13af0000, 0x146f0000, 0x17af0000)
   the space 12288K,  15% used [0x13af0000, 0x13cc9940, 0x13cc9a00, 0x146f0000)
No shared spaces configured.
}

